<?xml version="1.0" encoding="UTF-8"?>
<!-- Generated by org.testng.reporters.JUnitReportReporter -->
<testsuite hostname="Lenovo" failures="0" tests="4" name="Mvn.prop.anttest2" time="0.103" errors="0" timestamp="2022-03-22T21:54:59 IST" skipped="0">
  <testcase classname="Mvn.prop.anttest2" name="method5" time="0.065"/>
  <system-out/>
  <testcase classname="Mvn.prop.anttest2" name="method5" time="0.013"/>
  <system-out/>
  <testcase classname="Mvn.prop.anttest2" name="method5" time="0.012"/>
  <system-out/>
  <testcase classname="Mvn.prop.anttest2" name="method3" time="0.013"/>
  <system-out/>
</testsuite> <!-- Mvn.prop.anttest2 -->
