<?xml version="1.0" encoding="UTF-8"?>
<!-- Generated by org.testng.reporters.JUnitReportReporter -->
<testsuite hostname="Lenovo" failures="0" tests="2" name="Mvn.prop.anttest" time="0.050" errors="0" timestamp="2022-03-22T21:54:59 IST" skipped="0">
  <testcase classname="Mvn.prop.anttest" name="method1" time="0.030"/>
  <system-out/>
  <testcase classname="Mvn.prop.anttest" name="method6" time="0.020"/>
  <system-out/>
</testsuite> <!-- Mvn.prop.anttest -->
