<?xml version="1.0" encoding="UTF-8"?>
<!-- Generated by org.testng.reporters.JUnitReportReporter -->
<testsuite hostname="Lenovo" failures="0" tests="1" name="Mvn.prop.annotation" time="0.061" errors="0" timestamp="2022-03-22T21:30:39 IST" skipped="0">
  <testcase classname="Mvn.prop.annotation" name="property" time="0.061"/>
  <system-out/>
</testsuite> <!-- Mvn.prop.annotation -->
